23:46:59 **** Building Selected Files of configuration Debug for project c_mini_project ****
Info: Internal Builder is used for build
gcc -O0 -g3 -Wall -c -fmessage-length=0 -o "source\\main.o" "..\\source\\main.c" 
..\source\main.c: In function 'vehicle_loop':
..\source\main.c:26:17: warning: implicit declaration of function 'vehicle_state' [-Wimplicit-function-declaration]
   26 |                 vehicle_state();
      |                 ^~~~~~~~~~~~~
..\source\main.c:27:17: warning: implicit declaration of function 'vehicle_state_input' [-Wimplicit-function-declaration]
   27 |                 vehicle_state_input(&quit_the_system,&engine_flag, &speed,&room_temp, &engine_temp);
      |                 ^~~~~~~~~~~~~~~~~~~
..\source\main.c: In function 'sensor_loop':
..\source\main.c:35:17: warning: implicit declaration of function 'system_state' [-Wimplicit-function-declaration]
   35 |                 system_state();
      |                 ^~~~~~~~~~~~
..\source\main.c:36:17: warning: implicit declaration of function 'sensor_state_input' [-Wimplicit-function-declaration]
   36 |                 sensor_state_input(&quite_the_system,engine_flag, speed,room_temp, engine_temp);
      |                 ^~~~~~~~~~~~~~~~~~
..\source\main.c: At top level:
..\source\main.c:40:6: warning: conflicting types for 'vehicle_state'; have 'void()'
   40 | void vehicle_state(){
      |      ^~~~~~~~~~~~~
..\source\main.c:26:17: note: previous implicit declaration of 'vehicle_state' with type 'void()'
   26 |                 vehicle_state();
      |                 ^~~~~~~~~~~~~
..\source\main.c:49:6: warning: conflicting types for 'system_state'; have 'void()'
   49 | void system_state(){
      |      ^~~~~~~~~~~~
..\source\main.c:35:17: note: previous implicit declaration of 'system_state' with type 'void()'
   35 |                 system_state();
      |                 ^~~~~~~~~~~~
..\source\main.c:58:6: warning: conflicting types for 'vehicle_state_input'; have 'void(char *, char *, int *, int *, int *)'
   58 | void vehicle_state_input(char* flag,char* engine_flag,int* speed,int* room_temp,int* engine_temp){
      |      ^~~~~~~~~~~~~~~~~~~
..\source\main.c:27:17: note: previous implicit declaration of 'vehicle_state_input' with type 'void(char *, char *, int *, int *, int *)'
   27 |                 vehicle_state_input(&quit_the_system,&engine_flag, &speed,&room_temp, &engine_temp);
      |                 ^~~~~~~~~~~~~~~~~~~
..\source\main.c:84:6: warning: conflicting types for 'sensor_state_input'; have 'void(char *, char *, int *, int *, int *)'
   84 | void sensor_state_input(char* flag,char* engine_flag,int* speed,int* room_temp,int* engine_temp){
      |      ^~~~~~~~~~~~~~~~~~
..\source\main.c:36:17: note: previous implicit declaration of 'sensor_state_input' with type 'void(char *, char *, int *, int *, int *)'
   36 |                 sensor_state_input(&quite_the_system,engine_flag, speed,room_temp, engine_temp);
      |                 ^~~~~~~~~~~~~~~~~~
..\source\main.c: In function 'sensor_state_input':
..\source\main.c:93:25: warning: implicit declaration of function 'traffic_state' [-Wimplicit-function-declaration]
   93 |                         traffic_state(speed);
      |                         ^~~~~~~~~~~~~
..\source\main.c:94:25: warning: implicit declaration of function 'sensor_state_output'; did you mean 'sensor_state_input'? [-Wimplicit-function-declaration]
   94 |                         sensor_state_output (engine_flag, speed,room_temp, engine_temp);
      |                         ^~~~~~~~~~~~~~~~~~~
      |                         sensor_state_input
..\source\main.c:98:25: warning: implicit declaration of function 'set_room_tem' [-Wimplicit-function-declaration]
   98 |                         set_room_tem(room_temp);
      |                         ^~~~~~~~~~~~
..\source\main.c:103:25: warning: implicit declaration of function 'set_engine_temp' [-Wimplicit-function-declaration]
  103 |                         set_engine_temp(engine_temp);
      |                         ^~~~~~~~~~~~~~~
..\source\main.c: At top level:
..\source\main.c:113:6: warning: conflicting types for 'traffic_state'; have 'void(int *)'
  113 | void traffic_state(int* speed){
      |      ^~~~~~~~~~~~~
..\source\main.c:93:25: note: previous implicit declaration of 'traffic_state' with type 'void(int *)'
   93 |                         traffic_state(speed);
      |                         ^~~~~~~~~~~~~
..\source\main.c:135:6: warning: conflicting types for 'set_room_tem'; have 'void(int *)'
  135 | void set_room_tem(int* room_temp){
      |      ^~~~~~~~~~~~
..\source\main.c:98:25: note: previous implicit declaration of 'set_room_tem' with type 'void(int *)'
   98 |                         set_room_tem(room_temp);
      |                         ^~~~~~~~~~~~
..\source\main.c:142:6: warning: conflicting types for 'set_engine_temp'; have 'void(int *)'
  142 | void set_engine_temp(int* engine_temp){
      |      ^~~~~~~~~~~~~~~
..\source\main.c:103:25: note: previous implicit declaration of 'set_engine_temp' with type 'void(int *)'
  103 |                         set_engine_temp(engine_temp);
      |                         ^~~~~~~~~~~~~~~
..\source\main.c:147:6: warning: conflicting types for 'sensor_state_output'; have 'void(char *, int *, int *, int *)'
  147 | void sensor_state_output(char* engine_flag,int* speed,int* room_temp,int* engine_temp){
      |      ^~~~~~~~~~~~~~~~~~~
..\source\main.c:94:25: note: previous implicit declaration of 'sensor_state_output' with type 'void(char *, int *, int *, int *)'
   94 |                         sensor_state_output (engine_flag, speed,room_temp, engine_temp);
      |                         ^~~~~~~~~~~~~~~~~~~
..\source\main.c: In function 'sensor_state_output':
..\source\main.c:149:14: warning: unused variable 'engine_temp_flag' [-Wunused-variable]
  149 |         char engine_temp_flag=1;
      |              ^~~~~~~~~~~~~~~~
23:47:14 **** Rebuild of configuration Debug for project c_mini_project ****
Info: Internal Builder is used for build
gcc -O0 -g3 -Wall -c -fmessage-length=0 -o "source\\main.o" "..\\source\\main.c" 
..\source\main.c: In function 'vehicle_loop':
..\source\main.c:26:17: warning: implicit declaration of function 'vehicle_state' [-Wimplicit-function-declaration]
   26 |                 vehicle_state();
      |                 ^~~~~~~~~~~~~
..\source\main.c:27:17: warning: implicit declaration of function 'vehicle_state_input' [-Wimplicit-function-declaration]
   27 |                 vehicle_state_input(&quit_the_system,&engine_flag, &speed,&room_temp, &engine_temp);
      |                 ^~~~~~~~~~~~~~~~~~~
..\source\main.c: In function 'sensor_loop':
..\source\main.c:35:17: warning: implicit declaration of function 'system_state' [-Wimplicit-function-declaration]
   35 |                 system_state();
      |                 ^~~~~~~~~~~~
..\source\main.c:36:17: warning: implicit declaration of function 'sensor_state_input' [-Wimplicit-function-declaration]
   36 |                 sensor_state_input(&quite_the_system,engine_flag, speed,room_temp, engine_temp);
      |                 ^~~~~~~~~~~~~~~~~~
..\source\main.c: At top level:
..\source\main.c:40:6: warning: conflicting types for 'vehicle_state'; have 'void()'
   40 | void vehicle_state(){
      |      ^~~~~~~~~~~~~
..\source\main.c:26:17: note: previous implicit declaration of 'vehicle_state' with type 'void()'
   26 |                 vehicle_state();
      |                 ^~~~~~~~~~~~~
..\source\main.c:49:6: warning: conflicting types for 'system_state'; have 'void()'
   49 | void system_state(){
      |      ^~~~~~~~~~~~
..\source\main.c:35:17: note: previous implicit declaration of 'system_state' with type 'void()'
   35 |                 system_state();
      |                 ^~~~~~~~~~~~
..\source\main.c:58:6: warning: conflicting types for 'vehicle_state_input'; have 'void(char *, char *, int *, int *, int *)'
   58 | void vehicle_state_input(char* flag,char* engine_flag,int* speed,int* room_temp,int* engine_temp){
      |      ^~~~~~~~~~~~~~~~~~~
..\source\main.c:27:17: note: previous implicit declaration of 'vehicle_state_input' with type 'void(char *, char *, int *, int *, int *)'
   27 |                 vehicle_state_input(&quit_the_system,&engine_flag, &speed,&room_temp, &engine_temp);
      |                 ^~~~~~~~~~~~~~~~~~~
..\source\main.c:84:6: warning: conflicting types for 'sensor_state_input'; have 'void(char *, char *, int *, int *, int *)'
   84 | void sensor_state_input(char* flag,char* engine_flag,int* speed,int* room_temp,int* engine_temp){
      |      ^~~~~~~~~~~~~~~~~~
..\source\main.c:36:17: note: previous implicit declaration of 'sensor_state_input' with type 'void(char *, char *, int *, int *, int *)'
   36 |                 sensor_state_input(&quite_the_system,engine_flag, speed,room_temp, engine_temp);
      |                 ^~~~~~~~~~~~~~~~~~
..\source\main.c: In function 'sensor_state_input':
..\source\main.c:93:25: warning: implicit declaration of function 'traffic_state' [-Wimplicit-function-declaration]
   93 |                         traffic_state(speed);
      |                         ^~~~~~~~~~~~~
..\source\main.c:94:25: warning: implicit declaration of function 'sensor_state_output'; did you mean 'sensor_state_input'? [-Wimplicit-function-declaration]
   94 |                         sensor_state_output (engine_flag, speed,room_temp, engine_temp);
      |                         ^~~~~~~~~~~~~~~~~~~
      |                         sensor_state_input
..\source\main.c:98:25: warning: implicit declaration of function 'set_room_tem' [-Wimplicit-function-declaration]
   98 |                         set_room_tem(room_temp);
      |                         ^~~~~~~~~~~~
..\source\main.c:103:25: warning: implicit declaration of function 'set_engine_temp' [-Wimplicit-function-declaration]
  103 |                         set_engine_temp(engine_temp);
      |                         ^~~~~~~~~~~~~~~
..\source\main.c: At top level:
..\source\main.c:113:6: warning: conflicting types for 'traffic_state'; have 'void(int *)'
  113 | void traffic_state(int* speed){
      |      ^~~~~~~~~~~~~
..\source\main.c:93:25: note: previous implicit declaration of 'traffic_state' with type 'void(int *)'
   93 |                         traffic_state(speed);
      |                         ^~~~~~~~~~~~~
..\source\main.c:135:6: warning: conflicting types for 'set_room_tem'; have 'void(int *)'
  135 | void set_room_tem(int* room_temp){
      |      ^~~~~~~~~~~~
..\source\main.c:98:25: note: previous implicit declaration of 'set_room_tem' with type 'void(int *)'
   98 |                         set_room_tem(room_temp);
      |                         ^~~~~~~~~~~~
..\source\main.c:142:6: warning: conflicting types for 'set_engine_temp'; have 'void(int *)'
  142 | void set_engine_temp(int* engine_temp){
      |      ^~~~~~~~~~~~~~~
..\source\main.c:103:25: note: previous implicit declaration of 'set_engine_temp' with type 'void(int *)'
  103 |                         set_engine_temp(engine_temp);
      |                         ^~~~~~~~~~~~~~~
..\source\main.c:147:6: warning: conflicting types for 'sensor_state_output'; have 'void(char *, int *, int *, int *)'
  147 | void sensor_state_output(char* engine_flag,int* speed,int* room_temp,int* engine_temp){
      |      ^~~~~~~~~~~~~~~~~~~
..\source\main.c:94:25: note: previous implicit declaration of 'sensor_state_output' with type 'void(char *, int *, int *, int *)'
   94 |                         sensor_state_output (engine_flag, speed,room_temp, engine_temp);
      |                         ^~~~~~~~~~~~~~~~~~~
..\source\main.c: In function 'sensor_state_output':
..\source\main.c:149:14: warning: unused variable 'engine_temp_flag' [-Wunused-variable]
  149 |         char engine_temp_flag=1;
      |              ^~~~~~~~~~~~~~~~
gcc -o c_mini_project.exe "source\\main.o" 
23:47:26 **** Building Selected Files of configuration Debug for project c_mini_project ****
Info: Internal Builder is used for build
gcc -O0 -g3 -Wall -c -fmessage-length=0 -o "source\\main.o" "..\\source\\main.c" 
..\source\main.c: In function 'vehicle_loop':
..\source\main.c:26:17: warning: implicit declaration of function 'vehicle_state' [-Wimplicit-function-declaration]
   26 |                 vehicle_state();
      |                 ^~~~~~~~~~~~~
..\source\main.c:27:17: warning: implicit declaration of function 'vehicle_state_input' [-Wimplicit-function-declaration]
   27 |                 vehicle_state_input(&quit_the_system,&engine_flag, &speed,&room_temp, &engine_temp);
      |                 ^~~~~~~~~~~~~~~~~~~
..\source\main.c: In function 'sensor_loop':
..\source\main.c:35:17: warning: implicit declaration of function 'system_state' [-Wimplicit-function-declaration]
   35 |                 system_state();
      |                 ^~~~~~~~~~~~
..\source\main.c:36:17: warning: implicit declaration of function 'sensor_state_input' [-Wimplicit-function-declaration]
   36 |                 sensor_state_input(&quite_the_system,engine_flag, speed,room_temp, engine_temp);
      |                 ^~~~~~~~~~~~~~~~~~
..\source\main.c: At top level:
..\source\main.c:40:6: warning: conflicting types for 'vehicle_state'; have 'void()'
   40 | void vehicle_state(){
      |      ^~~~~~~~~~~~~
..\source\main.c:26:17: note: previous implicit declaration of 'vehicle_state' with type 'void()'
   26 |                 vehicle_state();
      |                 ^~~~~~~~~~~~~
..\source\main.c:49:6: warning: conflicting types for 'system_state'; have 'void()'
   49 | void system_state(){
      |      ^~~~~~~~~~~~
..\source\main.c:35:17: note: previous implicit declaration of 'system_state' with type 'void()'
   35 |                 system_state();
      |                 ^~~~~~~~~~~~
..\source\main.c:58:6: warning: conflicting types for 'vehicle_state_input'; have 'void(char *, char *, int *, int *, int *)'
   58 | void vehicle_state_input(char* flag,char* engine_flag,int* speed,int* room_temp,int* engine_temp){
      |      ^~~~~~~~~~~~~~~~~~~
..\source\main.c:27:17: note: previous implicit declaration of 'vehicle_state_input' with type 'void(char *, char *, int *, int *, int *)'
   27 |                 vehicle_state_input(&quit_the_system,&engine_flag, &speed,&room_temp, &engine_temp);
      |                 ^~~~~~~~~~~~~~~~~~~
..\source\main.c:84:6: warning: conflicting types for 'sensor_state_input'; have 'void(char *, char *, int *, int *, int *)'
   84 | void sensor_state_input(char* flag,char* engine_flag,int* speed,int* room_temp,int* engine_temp){
      |      ^~~~~~~~~~~~~~~~~~
..\source\main.c:36:17: note: previous implicit declaration of 'sensor_state_input' with type 'void(char *, char *, int *, int *, int *)'
   36 |                 sensor_state_input(&quite_the_system,engine_flag, speed,room_temp, engine_temp);
      |                 ^~~~~~~~~~~~~~~~~~
..\source\main.c: In function 'sensor_state_input':
..\source\main.c:93:25: warning: implicit declaration of function 'traffic_state' [-Wimplicit-function-declaration]
   93 |                         traffic_state(speed);
      |                         ^~~~~~~~~~~~~
..\source\main.c:94:25: warning: implicit declaration of function 'sensor_state_output'; did you mean 'sensor_state_input'? [-Wimplicit-function-declaration]
   94 |                         sensor_state_output (engine_flag, speed,room_temp, engine_temp);
      |                         ^~~~~~~~~~~~~~~~~~~
      |                         sensor_state_input
..\source\main.c:98:25: warning: implicit declaration of function 'set_room_tem' [-Wimplicit-function-declaration]
   98 |                         set_room_tem(room_temp);
      |                         ^~~~~~~~~~~~
..\source\main.c:103:25: warning: implicit declaration of function 'set_engine_temp' [-Wimplicit-function-declaration]
  103 |                         set_engine_temp(engine_temp);
      |                         ^~~~~~~~~~~~~~~
..\source\main.c: At top level:
..\source\main.c:113:6: warning: conflicting types for 'traffic_state'; have 'void(int *)'
  113 | void traffic_state(int* speed){
      |      ^~~~~~~~~~~~~
..\source\main.c:93:25: note: previous implicit declaration of 'traffic_state' with type 'void(int *)'
   93 |                         traffic_state(speed);
      |                         ^~~~~~~~~~~~~
..\source\main.c:135:6: warning: conflicting types for 'set_room_tem'; have 'void(int *)'
  135 | void set_room_tem(int* room_temp){
      |      ^~~~~~~~~~~~
..\source\main.c:98:25: note: previous implicit declaration of 'set_room_tem' with type 'void(int *)'
   98 |                         set_room_tem(room_temp);
      |                         ^~~~~~~~~~~~
..\source\main.c:142:6: warning: conflicting types for 'set_engine_temp'; have 'void(int *)'
  142 | void set_engine_temp(int* engine_temp){
      |      ^~~~~~~~~~~~~~~
..\source\main.c:103:25: note: previous implicit declaration of 'set_engine_temp' with type 'void(int *)'
  103 |                         set_engine_temp(engine_temp);
      |                         ^~~~~~~~~~~~~~~
..\source\main.c:147:6: warning: conflicting types for 'sensor_state_output'; have 'void(char *, int *, int *, int *)'
  147 | void sensor_state_output(char* engine_flag,int* speed,int* room_temp,int* engine_temp){
      |      ^~~~~~~~~~~~~~~~~~~
..\source\main.c:94:25: note: previous implicit declaration of 'sensor_state_output' with type 'void(char *, int *, int *, int *)'
   94 |                         sensor_state_output (engine_flag, speed,room_temp, engine_temp);
      |                         ^~~~~~~~~~~~~~~~~~~
..\source\main.c: In function 'sensor_state_output':
..\source\main.c:149:14: warning: unused variable 'engine_temp_flag' [-Wunused-variable]
  149 |         char engine_temp_flag=1;
      |              ^~~~~~~~~~~~~~~~
23:47:32 **** Incremental Build of configuration Debug for project c_mini_project ****
Info: Internal Builder is used for build
gcc -O0 -g3 -Wall -c -fmessage-length=0 -o "source\\main.o" "..\\source\\main.c" 
..\source\main.c: In function 'vehicle_loop':
..\source\main.c:26:17: warning: implicit declaration of function 'vehicle_state' [-Wimplicit-function-declaration]
   26 |                 vehicle_state();
      |                 ^~~~~~~~~~~~~
..\source\main.c:27:17: warning: implicit declaration of function 'vehicle_state_input' [-Wimplicit-function-declaration]
   27 |                 vehicle_state_input(&quit_the_system,&engine_flag, &speed,&room_temp, &engine_temp);
      |                 ^~~~~~~~~~~~~~~~~~~
..\source\main.c: In function 'sensor_loop':
..\source\main.c:35:17: warning: implicit declaration of function 'system_state' [-Wimplicit-function-declaration]
   35 |                 system_state();
      |                 ^~~~~~~~~~~~
..\source\main.c:36:17: warning: implicit declaration of function 'sensor_state_input' [-Wimplicit-function-declaration]
   36 |                 sensor_state_input(&quite_the_system,engine_flag, speed,room_temp, engine_temp);
      |                 ^~~~~~~~~~~~~~~~~~
..\source\main.c: At top level:
..\source\main.c:40:6: warning: conflicting types for 'vehicle_state'; have 'void()'
   40 | void vehicle_state(){
      |      ^~~~~~~~~~~~~
..\source\main.c:26:17: note: previous implicit declaration of 'vehicle_state' with type 'void()'
   26 |                 vehicle_state();
      |                 ^~~~~~~~~~~~~
..\source\main.c:49:6: warning: conflicting types for 'system_state'; have 'void()'
   49 | void system_state(){
      |      ^~~~~~~~~~~~
..\source\main.c:35:17: note: previous implicit declaration of 'system_state' with type 'void()'
   35 |                 system_state();
      |                 ^~~~~~~~~~~~
..\source\main.c:58:6: warning: conflicting types for 'vehicle_state_input'; have 'void(char *, char *, int *, int *, int *)'
   58 | void vehicle_state_input(char* flag,char* engine_flag,int* speed,int* room_temp,int* engine_temp){
      |      ^~~~~~~~~~~~~~~~~~~
..\source\main.c:27:17: note: previous implicit declaration of 'vehicle_state_input' with type 'void(char *, char *, int *, int *, int *)'
   27 |                 vehicle_state_input(&quit_the_system,&engine_flag, &speed,&room_temp, &engine_temp);
      |                 ^~~~~~~~~~~~~~~~~~~
..\source\main.c:84:6: warning: conflicting types for 'sensor_state_input'; have 'void(char *, char *, int *, int *, int *)'
   84 | void sensor_state_input(char* flag,char* engine_flag,int* speed,int* room_temp,int* engine_temp){
      |      ^~~~~~~~~~~~~~~~~~
..\source\main.c:36:17: note: previous implicit declaration of 'sensor_state_input' with type 'void(char *, char *, int *, int *, int *)'
   36 |                 sensor_state_input(&quite_the_system,engine_flag, speed,room_temp, engine_temp);
      |                 ^~~~~~~~~~~~~~~~~~
..\source\main.c: In function 'sensor_state_input':
..\source\main.c:93:25: warning: implicit declaration of function 'traffic_state' [-Wimplicit-function-declaration]
   93 |                         traffic_state(speed);
      |                         ^~~~~~~~~~~~~
..\source\main.c:94:25: warning: implicit declaration of function 'sensor_state_output'; did you mean 'sensor_state_input'? [-Wimplicit-function-declaration]
   94 |                         sensor_state_output (engine_flag, speed,room_temp, engine_temp);
      |                         ^~~~~~~~~~~~~~~~~~~
      |                         sensor_state_input
..\source\main.c:98:25: warning: implicit declaration of function 'set_room_tem' [-Wimplicit-function-declaration]
   98 |                         set_room_tem(room_temp);
      |                         ^~~~~~~~~~~~
..\source\main.c:103:25: warning: implicit declaration of function 'set_engine_temp' [-Wimplicit-function-declaration]
  103 |                         set_engine_temp(engine_temp);
      |                         ^~~~~~~~~~~~~~~
..\source\main.c: At top level:
..\source\main.c:113:6: warning: conflicting types for 'traffic_state'; have 'void(int *)'
  113 | void traffic_state(int* speed){
      |      ^~~~~~~~~~~~~
..\source\main.c:93:25: note: previous implicit declaration of 'traffic_state' with type 'void(int *)'
   93 |                         traffic_state(speed);
      |                         ^~~~~~~~~~~~~
..\source\main.c:135:6: warning: conflicting types for 'set_room_tem'; have 'void(int *)'
  135 | void set_room_tem(int* room_temp){
      |      ^~~~~~~~~~~~
..\source\main.c:98:25: note: previous implicit declaration of 'set_room_tem' with type 'void(int *)'
   98 |                         set_room_tem(room_temp);
      |                         ^~~~~~~~~~~~
..\source\main.c:142:6: warning: conflicting types for 'set_engine_temp'; have 'void(int *)'
  142 | void set_engine_temp(int* engine_temp){
      |      ^~~~~~~~~~~~~~~
..\source\main.c:103:25: note: previous implicit declaration of 'set_engine_temp' with type 'void(int *)'
  103 |                         set_engine_temp(engine_temp);
      |                         ^~~~~~~~~~~~~~~
..\source\main.c:147:6: warning: conflicting types for 'sensor_state_output'; have 'void(char *, int *, int *, int *)'
  147 | void sensor_state_output(char* engine_flag,int* speed,int* room_temp,int* engine_temp){
      |      ^~~~~~~~~~~~~~~~~~~
..\source\main.c:94:25: note: previous implicit declaration of 'sensor_state_output' with type 'void(char *, int *, int *, int *)'
   94 |                         sensor_state_output (engine_flag, speed,room_temp, engine_temp);
      |                         ^~~~~~~~~~~~~~~~~~~
..\source\main.c: In function 'sensor_state_output':
..\source\main.c:149:14: warning: unused variable 'engine_temp_flag' [-Wunused-variable]
  149 |         char engine_temp_flag=1;
      |              ^~~~~~~~~~~~~~~~
gcc -o c_mini_project.exe "source\\main.o" 
